{"C:\\Users\\Thiago Firsen\\Desktop\\Atividades-Rethink-Academy-main\\project_fake_store\\knexfile.ts": {"path":"C:\\Users\\Thiago Firsen\\Desktop\\Atividades-Rethink-Academy-main\\project_fake_store\\knexfile.ts","statementMap":{"0":{"start":{"line":3,"column":28},"end":{"line":12,"column":2}},"1":{"start":{"line":14,"column":0},"end":{"line":14,"column":22}}},"fnMap":{},"branchMap":{},"s":{"0":3,"1":3},"f":{},"b":{}}
,"C:\\Users\\Thiago Firsen\\Desktop\\Atividades-Rethink-Academy-main\\project_fake_store\\src\\Middlewares\\errorHandler.ts": {"path":"C:\\Users\\Thiago Firsen\\Desktop\\Atividades-Rethink-Academy-main\\project_fake_store\\src\\Middlewares\\errorHandler.ts","statementMap":{"0":{"start":{"line":4,"column":28},"end":{"line":16,"column":1}},"1":{"start":{"line":10,"column":17},"end":{"line":10,"column":50}},"2":{"start":{"line":11,"column":24},"end":{"line":14,"column":4}},"3":{"start":{"line":15,"column":2},"end":{"line":15,"column":41}},"4":{"start":{"line":4,"column":13},"end":{"line":4,"column":28}},"5":{"start":{"line":18,"column":25},"end":{"line":20,"column":1}},"6":{"start":{"line":19,"column":2},"end":{"line":19,"column":29}},"7":{"start":{"line":18,"column":13},"end":{"line":18,"column":25}}},"fnMap":{"0":{"name":"(anonymous_0)","decl":{"start":{"line":4,"column":28},"end":{"line":4,"column":null}},"loc":{"start":{"line":9,"column":4},"end":{"line":16,"column":1}}},"1":{"name":"(anonymous_1)","decl":{"start":{"line":18,"column":25},"end":{"line":18,"column":26}},"loc":{"start":{"line":18,"column":60},"end":{"line":20,"column":1}}}},"branchMap":{"0":{"loc":{"start":{"line":10,"column":17},"end":{"line":10,"column":50}},"type":"cond-expr","locations":[{"start":{"line":10,"column":32},"end":{"line":10,"column":44}},{"start":{"line":10,"column":47},"end":{"line":10,"column":50}}]},"1":{"loc":{"start":{"line":12,"column":13},"end":{"line":12,"column":68}},"type":"cond-expr","locations":[{"start":{"line":12,"column":29},"end":{"line":12,"column":42}},{"start":{"line":12,"column":45},"end":{"line":12,"column":68}}]}},"s":{"0":3,"1":0,"2":0,"3":0,"4":3,"5":3,"6":13,"7":3},"f":{"0":0,"1":13},"b":{"0":[0,0],"1":[0,0]}}
,"C:\\Users\\Thiago Firsen\\Desktop\\Atividades-Rethink-Academy-main\\project_fake_store\\src\\repositories\\repositoriesCategories.ts": {"path":"C:\\Users\\Thiago Firsen\\Desktop\\Atividades-Rethink-Academy-main\\project_fake_store\\src\\repositories\\repositoriesCategories.ts","statementMap":{"0":{"start":{"line":1,"column":0},"end":{"line":1,"column":24}},"1":{"start":{"line":2,"column":0},"end":{"line":2,"column":36}},"2":{"start":{"line":6,"column":27},"end":{"line":6,"column":39}},"3":{"start":{"line":8,"column":28},"end":{"line":9,"column":40}},"4":{"start":{"line":9,"column":2},"end":{"line":9,"column":40}},"5":{"start":{"line":11,"column":23},"end":{"line":12,"column":71}},"6":{"start":{"line":12,"column":2},"end":{"line":12,"column":71}},"7":{"start":{"line":14,"column":23},"end":{"line":17,"column":4}},"8":{"start":{"line":15,"column":2},"end":{"line":17,"column":4}},"9":{"start":{"line":19,"column":23},"end":{"line":20,"column":59}},"10":{"start":{"line":20,"column":2},"end":{"line":20,"column":59}},"11":{"start":{"line":22,"column":23},"end":{"line":23,"column":51}},"12":{"start":{"line":23,"column":2},"end":{"line":23,"column":51}},"13":{"start":{"line":25,"column":21},"end":{"line":26,"column":67}},"14":{"start":{"line":26,"column":2},"end":{"line":26,"column":67}},"15":{"start":{"line":28,"column":33},"end":{"line":44,"column":1}},"16":{"start":{"line":31,"column":2},"end":{"line":43,"column":51}},"17":{"start":{"line":46,"column":0},"end":{"line":54,"column":2}}},"fnMap":{"0":{"name":"(anonymous_1)","decl":{"start":{"line":8,"column":28},"end":{"line":8,"column":57}},"loc":{"start":{"line":9,"column":2},"end":{"line":9,"column":40}}},"1":{"name":"(anonymous_2)","decl":{"start":{"line":11,"column":23},"end":{"line":11,"column":24}},"loc":{"start":{"line":12,"column":2},"end":{"line":12,"column":71}}},"2":{"name":"(anonymous_3)","decl":{"start":{"line":14,"column":23},"end":{"line":14,"column":24}},"loc":{"start":{"line":15,"column":2},"end":{"line":17,"column":4}}},"3":{"name":"(anonymous_4)","decl":{"start":{"line":19,"column":23},"end":{"line":19,"column":24}},"loc":{"start":{"line":20,"column":2},"end":{"line":20,"column":59}}},"4":{"name":"(anonymous_5)","decl":{"start":{"line":22,"column":23},"end":{"line":22,"column":24}},"loc":{"start":{"line":23,"column":2},"end":{"line":23,"column":51}}},"5":{"name":"(anonymous_6)","decl":{"start":{"line":25,"column":21},"end":{"line":25,"column":22}},"loc":{"start":{"line":26,"column":2},"end":{"line":26,"column":67}}},"6":{"name":"(anonymous_7)","decl":{"start":{"line":28,"column":33},"end":{"line":28,"column":null}},"loc":{"start":{"line":30,"column":30},"end":{"line":44,"column":1}}}},"branchMap":{},"s":{"0":1,"1":1,"2":1,"3":1,"4":0,"5":1,"6":0,"7":1,"8":0,"9":1,"10":0,"11":1,"12":0,"13":1,"14":0,"15":1,"16":0,"17":1},"f":{"0":0,"1":0,"2":0,"3":0,"4":0,"5":0,"6":0},"b":{}}
,"C:\\Users\\Thiago Firsen\\Desktop\\Atividades-Rethink-Academy-main\\project_fake_store\\src\\repositories\\repositoriesProducts.ts": {"path":"C:\\Users\\Thiago Firsen\\Desktop\\Atividades-Rethink-Academy-main\\project_fake_store\\src\\repositories\\repositoriesProducts.ts","statementMap":{"0":{"start":{"line":1,"column":0},"end":{"line":1,"column":24}},"1":{"start":{"line":2,"column":0},"end":{"line":2,"column":36}},"2":{"start":{"line":6,"column":27},"end":{"line":6,"column":39}},"3":{"start":{"line":8,"column":26},"end":{"line":20,"column":69}},"4":{"start":{"line":9,"column":2},"end":{"line":20,"column":69}},"5":{"start":{"line":22,"column":22},"end":{"line":35,"column":33}},"6":{"start":{"line":23,"column":2},"end":{"line":35,"column":33}},"7":{"start":{"line":37,"column":30},"end":{"line":38,"column":67}},"8":{"start":{"line":38,"column":2},"end":{"line":38,"column":67}},"9":{"start":{"line":40,"column":22},"end":{"line":41,"column":42}},"10":{"start":{"line":41,"column":2},"end":{"line":41,"column":42}},"11":{"start":{"line":43,"column":22},"end":{"line":44,"column":62}},"12":{"start":{"line":44,"column":2},"end":{"line":44,"column":62}},"13":{"start":{"line":46,"column":22},"end":{"line":47,"column":49}},"14":{"start":{"line":47,"column":2},"end":{"line":47,"column":49}},"15":{"start":{"line":49,"column":0},"end":{"line":56,"column":2}}},"fnMap":{"0":{"name":"(anonymous_1)","decl":{"start":{"line":8,"column":26},"end":{"line":8,"column":55}},"loc":{"start":{"line":9,"column":2},"end":{"line":20,"column":69}}},"1":{"name":"(anonymous_2)","decl":{"start":{"line":22,"column":22},"end":{"line":22,"column":23}},"loc":{"start":{"line":23,"column":2},"end":{"line":35,"column":33}}},"2":{"name":"(anonymous_3)","decl":{"start":{"line":37,"column":30},"end":{"line":37,"column":31}},"loc":{"start":{"line":38,"column":2},"end":{"line":38,"column":67}}},"3":{"name":"(anonymous_4)","decl":{"start":{"line":40,"column":22},"end":{"line":40,"column":23}},"loc":{"start":{"line":41,"column":2},"end":{"line":41,"column":42}}},"4":{"name":"(anonymous_5)","decl":{"start":{"line":43,"column":22},"end":{"line":43,"column":23}},"loc":{"start":{"line":44,"column":2},"end":{"line":44,"column":62}}},"5":{"name":"(anonymous_6)","decl":{"start":{"line":46,"column":22},"end":{"line":46,"column":23}},"loc":{"start":{"line":47,"column":2},"end":{"line":47,"column":49}}}},"branchMap":{},"s":{"0":1,"1":1,"2":1,"3":1,"4":0,"5":1,"6":0,"7":1,"8":0,"9":1,"10":0,"11":1,"12":0,"13":1,"14":0,"15":1},"f":{"0":0,"1":0,"2":0,"3":0,"4":0,"5":0},"b":{}}
,"C:\\Users\\Thiago Firsen\\Desktop\\Atividades-Rethink-Academy-main\\project_fake_store\\src\\repositories\\repositoriesUsers.ts": {"path":"C:\\Users\\Thiago Firsen\\Desktop\\Atividades-Rethink-Academy-main\\project_fake_store\\src\\repositories\\repositoriesUsers.ts","statementMap":{"0":{"start":{"line":1,"column":0},"end":{"line":1,"column":24}},"1":{"start":{"line":2,"column":0},"end":{"line":2,"column":36}},"2":{"start":{"line":4,"column":27},"end":{"line":4,"column":39}},"3":{"start":{"line":6,"column":19},"end":{"line":10,"column":4}},"4":{"start":{"line":7,"column":2},"end":{"line":10,"column":4}},"5":{"start":{"line":12,"column":17},"end":{"line":13,"column":52}},"6":{"start":{"line":13,"column":2},"end":{"line":13,"column":52}},"7":{"start":{"line":15,"column":23},"end":{"line":16,"column":58}},"8":{"start":{"line":16,"column":2},"end":{"line":16,"column":58}},"9":{"start":{"line":18,"column":17},"end":{"line":18,"column":77}},"10":{"start":{"line":18,"column":30},"end":{"line":18,"column":77}},"11":{"start":{"line":20,"column":0},"end":{"line":20,"column":66}}},"fnMap":{"0":{"name":"(anonymous_1)","decl":{"start":{"line":6,"column":19},"end":{"line":6,"column":20}},"loc":{"start":{"line":7,"column":2},"end":{"line":10,"column":4}}},"1":{"name":"(anonymous_2)","decl":{"start":{"line":12,"column":17},"end":{"line":12,"column":18}},"loc":{"start":{"line":13,"column":2},"end":{"line":13,"column":52}}},"2":{"name":"(anonymous_3)","decl":{"start":{"line":15,"column":23},"end":{"line":15,"column":24}},"loc":{"start":{"line":16,"column":2},"end":{"line":16,"column":58}}},"3":{"name":"(anonymous_4)","decl":{"start":{"line":18,"column":17},"end":{"line":18,"column":18}},"loc":{"start":{"line":18,"column":30},"end":{"line":18,"column":77}}}},"branchMap":{},"s":{"0":1,"1":1,"2":1,"3":1,"4":0,"5":1,"6":0,"7":1,"8":0,"9":1,"10":0,"11":1},"f":{"0":0,"1":0,"2":0,"3":0},"b":{}}
,"C:\\Users\\Thiago Firsen\\Desktop\\Atividades-Rethink-Academy-main\\project_fake_store\\src\\service\\serviceCategories.ts": {"path":"C:\\Users\\Thiago Firsen\\Desktop\\Atividades-Rethink-Academy-main\\project_fake_store\\src\\service\\serviceCategories.ts","statementMap":{"0":{"start":{"line":1,"column":0},"end":{"line":1,"column":76}},"1":{"start":{"line":3,"column":0},"end":{"line":3,"column":56}},"2":{"start":{"line":5,"column":25},"end":{"line":9,"column":2}},"3":{"start":{"line":5,"column":36},"end":{"line":9,"column":2}},"4":{"start":{"line":6,"column":21},"end":{"line":6,"column":71}},"5":{"start":{"line":7,"column":27},"end":{"line":7,"column":70}},"6":{"start":{"line":7,"column":56},"end":{"line":7,"column":69}},"7":{"start":{"line":8,"column":2},"end":{"line":8,"column":26}},"8":{"start":{"line":11,"column":20},"end":{"line":16,"column":2}},"9":{"start":{"line":11,"column":41},"end":{"line":16,"column":2}},"10":{"start":{"line":12,"column":19},"end":{"line":12,"column":66}},"11":{"start":{"line":13,"column":2},"end":{"line":14,"column":68}},"12":{"start":{"line":14,"column":4},"end":{"line":14,"column":68}},"13":{"start":{"line":15,"column":2},"end":{"line":15,"column":21}},"14":{"start":{"line":18,"column":23},"end":{"line":23,"column":2}},"15":{"start":{"line":18,"column":65},"end":{"line":23,"column":2}},"16":{"start":{"line":19,"column":32},"end":{"line":20,"column":null}},"17":{"start":{"line":22,"column":2},"end":{"line":22,"column":38}},"18":{"start":{"line":25,"column":23},"end":{"line":30,"column":2}},"19":{"start":{"line":25,"column":77},"end":{"line":30,"column":2}},"20":{"start":{"line":26,"column":25},"end":{"line":26,"column":78}},"21":{"start":{"line":27,"column":2},"end":{"line":28,"column":68}},"22":{"start":{"line":28,"column":4},"end":{"line":28,"column":68}},"23":{"start":{"line":29,"column":2},"end":{"line":29,"column":22}},"24":{"start":{"line":32,"column":23},"end":{"line":37,"column":2}},"25":{"start":{"line":32,"column":44},"end":{"line":37,"column":2}},"26":{"start":{"line":33,"column":25},"end":{"line":33,"column":72}},"27":{"start":{"line":34,"column":2},"end":{"line":35,"column":68}},"28":{"start":{"line":35,"column":4},"end":{"line":35,"column":68}},"29":{"start":{"line":36,"column":2},"end":{"line":36,"column":24}},"30":{"start":{"line":39,"column":30},"end":{"line":60,"column":2}},"31":{"start":{"line":39,"column":57},"end":{"line":60,"column":2}},"32":{"start":{"line":40,"column":30},"end":{"line":41,"column":null}},"33":{"start":{"line":43,"column":2},"end":{"line":44,"column":68}},"34":{"start":{"line":44,"column":4},"end":{"line":44,"column":68}},"35":{"start":{"line":46,"column":4},"end":{"line":46,"column":73}},"36":{"start":{"line":47,"column":27},"end":{"line":58,"column":5}},"37":{"start":{"line":47,"column":69},"end":{"line":58,"column":4}},"38":{"start":{"line":59,"column":2},"end":{"line":59,"column":26}},"39":{"start":{"line":62,"column":0},"end":{"line":69,"column":2}}},"fnMap":{"0":{"name":"(anonymous_8)","decl":{"start":{"line":5,"column":25},"end":{"line":5,"column":34}},"loc":{"start":{"line":5,"column":36},"end":{"line":9,"column":2}}},"1":{"name":"(anonymous_9)","decl":{"start":{"line":5,"column":36},"end":{"line":5,"column":null}},"loc":{"start":{"line":5,"column":36},"end":{"line":9,"column":1}}},"2":{"name":"(anonymous_10)","decl":{"start":{"line":7,"column":42},"end":{"line":7,"column":43}},"loc":{"start":{"line":7,"column":56},"end":{"line":7,"column":69}}},"3":{"name":"(anonymous_11)","decl":{"start":{"line":11,"column":20},"end":{"line":11,"column":27}},"loc":{"start":{"line":11,"column":41},"end":{"line":16,"column":2}}},"4":{"name":"(anonymous_12)","decl":{"start":{"line":11,"column":41},"end":{"line":11,"column":null}},"loc":{"start":{"line":11,"column":41},"end":{"line":16,"column":1}}},"5":{"name":"(anonymous_13)","decl":{"start":{"line":18,"column":23},"end":{"line":18,"column":30}},"loc":{"start":{"line":18,"column":65},"end":{"line":23,"column":2}}},"6":{"name":"(anonymous_14)","decl":{"start":{"line":18,"column":65},"end":{"line":18,"column":null}},"loc":{"start":{"line":18,"column":65},"end":{"line":23,"column":1}}},"7":{"name":"(anonymous_15)","decl":{"start":{"line":25,"column":23},"end":{"line":25,"column":30}},"loc":{"start":{"line":25,"column":77},"end":{"line":30,"column":2}}},"8":{"name":"(anonymous_16)","decl":{"start":{"line":25,"column":77},"end":{"line":25,"column":null}},"loc":{"start":{"line":25,"column":77},"end":{"line":30,"column":1}}},"9":{"name":"(anonymous_17)","decl":{"start":{"line":32,"column":23},"end":{"line":32,"column":30}},"loc":{"start":{"line":32,"column":44},"end":{"line":37,"column":2}}},"10":{"name":"(anonymous_18)","decl":{"start":{"line":32,"column":44},"end":{"line":32,"column":null}},"loc":{"start":{"line":32,"column":44},"end":{"line":37,"column":1}}},"11":{"name":"(anonymous_19)","decl":{"start":{"line":39,"column":30},"end":{"line":39,"column":37}},"loc":{"start":{"line":39,"column":57},"end":{"line":60,"column":2}}},"12":{"name":"(anonymous_20)","decl":{"start":{"line":39,"column":57},"end":{"line":39,"column":null}},"loc":{"start":{"line":39,"column":57},"end":{"line":60,"column":1}}},"13":{"name":"(anonymous_21)","decl":{"start":{"line":47,"column":50},"end":{"line":47,"column":51}},"loc":{"start":{"line":47,"column":69},"end":{"line":58,"column":4}}}},"branchMap":{"0":{"loc":{"start":{"line":13,"column":2},"end":{"line":14,"column":68}},"type":"if","locations":[{"start":{"line":13,"column":2},"end":{"line":14,"column":68}}]},"1":{"loc":{"start":{"line":27,"column":2},"end":{"line":28,"column":68}},"type":"if","locations":[{"start":{"line":27,"column":2},"end":{"line":28,"column":68}}]},"2":{"loc":{"start":{"line":34,"column":2},"end":{"line":35,"column":68}},"type":"if","locations":[{"start":{"line":34,"column":2},"end":{"line":35,"column":68}}]},"3":{"loc":{"start":{"line":43,"column":2},"end":{"line":44,"column":68}},"type":"if","locations":[{"start":{"line":43,"column":2},"end":{"line":44,"column":68}}]}},"s":{"0":1,"1":1,"2":1,"3":1,"4":1,"5":1,"6":0,"7":1,"8":1,"9":2,"10":2,"11":2,"12":1,"13":1,"14":1,"15":1,"16":1,"17":1,"18":1,"19":2,"20":2,"21":2,"22":1,"23":1,"24":1,"25":2,"26":2,"27":2,"28":1,"29":1,"30":1,"31":2,"32":2,"33":2,"34":1,"35":1,"36":1,"37":1,"38":1,"39":1},"f":{"0":1,"1":1,"2":0,"3":2,"4":2,"5":1,"6":1,"7":2,"8":2,"9":2,"10":2,"11":2,"12":2,"13":1},"b":{"0":[1],"1":[1],"2":[1],"3":[1]}}
,"C:\\Users\\Thiago Firsen\\Desktop\\Atividades-Rethink-Academy-main\\project_fake_store\\src\\service\\serviceProducts.ts": {"path":"C:\\Users\\Thiago Firsen\\Desktop\\Atividades-Rethink-Academy-main\\project_fake_store\\src\\service\\serviceProducts.ts","statementMap":{"0":{"start":{"line":1,"column":0},"end":{"line":1,"column":72}},"1":{"start":{"line":2,"column":0},"end":{"line":2,"column":56}},"2":{"start":{"line":5,"column":23},"end":{"line":20,"column":2}},"3":{"start":{"line":5,"column":60},"end":{"line":20,"column":2}},"4":{"start":{"line":6,"column":31},"end":{"line":6,"column":77}},"5":{"start":{"line":7,"column":44},"end":{"line":18,"column":5}},"6":{"start":{"line":7,"column":71},"end":{"line":18,"column":4}},"7":{"start":{"line":19,"column":2},"end":{"line":19,"column":26}},"8":{"start":{"line":22,"column":19},"end":{"line":39,"column":2}},"9":{"start":{"line":22,"column":64},"end":{"line":39,"column":2}},"10":{"start":{"line":23,"column":30},"end":{"line":23,"column":74}},"11":{"start":{"line":24,"column":44},"end":{"line":35,"column":5}},"12":{"start":{"line":24,"column":70},"end":{"line":35,"column":4}},"13":{"start":{"line":36,"column":2},"end":{"line":37,"column":67}},"14":{"start":{"line":37,"column":4},"end":{"line":37,"column":67}},"15":{"start":{"line":38,"column":2},"end":{"line":38,"column":29}},"16":{"start":{"line":41,"column":20},"end":{"line":62,"column":2}},"17":{"start":{"line":41,"column":77},"end":{"line":62,"column":2}},"18":{"start":{"line":42,"column":55},"end":{"line":42,"column":62}},"19":{"start":{"line":42,"column":35},"end":{"line":42,"column":55}},"20":{"start":{"line":44,"column":26},"end":{"line":45,"column":null}},"21":{"start":{"line":47,"column":2},"end":{"line":48,"column":68}},"22":{"start":{"line":48,"column":4},"end":{"line":48,"column":68}},"23":{"start":{"line":50,"column":23},"end":{"line":54,"column":null}},"24":{"start":{"line":56,"column":34},"end":{"line":57,"column":null}},"25":{"start":{"line":59,"column":21},"end":{"line":59,"column":60}},"26":{"start":{"line":61,"column":2},"end":{"line":61,"column":23}},"27":{"start":{"line":64,"column":22},"end":{"line":90,"column":2}},"28":{"start":{"line":64,"column":71},"end":{"line":90,"column":2}},"29":{"start":{"line":65,"column":55},"end":{"line":65,"column":62}},"30":{"start":{"line":65,"column":35},"end":{"line":65,"column":55}},"31":{"start":{"line":66,"column":27},"end":{"line":67,"column":null}},"32":{"start":{"line":69,"column":2},"end":{"line":71,"column":null}},"33":{"start":{"line":70,"column":4},"end":{"line":70,"column":68}},"34":{"start":{"line":73,"column":21},"end":{"line":73,"column":49}},"35":{"start":{"line":75,"column":21},"end":{"line":79,"column":null}},"36":{"start":{"line":82,"column":28},"end":{"line":84,"column":null}},"37":{"start":{"line":87,"column":2},"end":{"line":88,"column":67}},"38":{"start":{"line":88,"column":4},"end":{"line":88,"column":67}},"39":{"start":{"line":89,"column":2},"end":{"line":89,"column":19}},"40":{"start":{"line":92,"column":31},"end":{"line":130,"column":2}},"41":{"start":{"line":95,"column":28},"end":{"line":130,"column":2}},"42":{"start":{"line":96,"column":18},"end":{"line":96,"column":59}},"43":{"start":{"line":97,"column":2},"end":{"line":97,"column":27}},"44":{"start":{"line":98,"column":2},"end":{"line":98,"column":29}},"45":{"start":{"line":101,"column":2},"end":{"line":110,"column":null}},"46":{"start":{"line":102,"column":21},"end":{"line":103,"column":null}},"47":{"start":{"line":105,"column":4},"end":{"line":107,"column":null}},"48":{"start":{"line":106,"column":6},"end":{"line":106,"column":72}},"49":{"start":{"line":109,"column":4},"end":{"line":109,"column":32}},"50":{"start":{"line":112,"column":2},"end":{"line":115,"column":5}},"51":{"start":{"line":117,"column":4},"end":{"line":117,"column":48}},"52":{"start":{"line":119,"column":52},"end":{"line":119,"column":74}},"53":{"start":{"line":119,"column":21},"end":{"line":119,"column":26}},"54":{"start":{"line":119,"column":37},"end":{"line":119,"column":52}},"55":{"start":{"line":121,"column":23},"end":{"line":126,"column":null}},"56":{"start":{"line":129,"column":2},"end":{"line":129,"column":25}},"57":{"start":{"line":132,"column":22},"end":{"line":136,"column":2}},"58":{"start":{"line":132,"column":57},"end":{"line":136,"column":2}},"59":{"start":{"line":133,"column":26},"end":{"line":133,"column":70}},"60":{"start":{"line":134,"column":2},"end":{"line":134,"column":79}},"61":{"start":{"line":134,"column":16},"end":{"line":134,"column":79}},"62":{"start":{"line":135,"column":2},"end":{"line":135,"column":17}},"63":{"start":{"line":138,"column":0},"end":{"line":145,"column":2}}},"fnMap":{"0":{"name":"(anonymous_9)","decl":{"start":{"line":5,"column":23},"end":{"line":5,"column":58}},"loc":{"start":{"line":5,"column":60},"end":{"line":20,"column":2}}},"1":{"name":"(anonymous_10)","decl":{"start":{"line":5,"column":60},"end":{"line":5,"column":null}},"loc":{"start":{"line":5,"column":60},"end":{"line":20,"column":1}}},"2":{"name":"(anonymous_11)","decl":{"start":{"line":7,"column":57},"end":{"line":7,"column":58}},"loc":{"start":{"line":7,"column":71},"end":{"line":18,"column":4}}},"3":{"name":"(anonymous_12)","decl":{"start":{"line":22,"column":19},"end":{"line":22,"column":26}},"loc":{"start":{"line":22,"column":64},"end":{"line":39,"column":2}}},"4":{"name":"(anonymous_13)","decl":{"start":{"line":22,"column":64},"end":{"line":22,"column":null}},"loc":{"start":{"line":22,"column":64},"end":{"line":39,"column":1}}},"5":{"name":"(anonymous_14)","decl":{"start":{"line":24,"column":56},"end":{"line":24,"column":57}},"loc":{"start":{"line":24,"column":70},"end":{"line":35,"column":4}}},"6":{"name":"(anonymous_15)","decl":{"start":{"line":41,"column":20},"end":{"line":41,"column":27}},"loc":{"start":{"line":41,"column":77},"end":{"line":62,"column":2}}},"7":{"name":"(anonymous_16)","decl":{"start":{"line":41,"column":77},"end":{"line":41,"column":null}},"loc":{"start":{"line":41,"column":77},"end":{"line":62,"column":1}}},"8":{"name":"(anonymous_17)","decl":{"start":{"line":64,"column":22},"end":{"line":64,"column":29}},"loc":{"start":{"line":64,"column":71},"end":{"line":90,"column":2}}},"9":{"name":"(anonymous_18)","decl":{"start":{"line":64,"column":71},"end":{"line":64,"column":null}},"loc":{"start":{"line":64,"column":71},"end":{"line":90,"column":1}}},"10":{"name":"(anonymous_19)","decl":{"start":{"line":92,"column":31},"end":{"line":92,"column":null}},"loc":{"start":{"line":95,"column":28},"end":{"line":130,"column":2}}},"11":{"name":"(anonymous_20)","decl":{"start":{"line":95,"column":28},"end":{"line":95,"column":null}},"loc":{"start":{"line":95,"column":28},"end":{"line":130,"column":1}}},"12":{"name":"(anonymous_21)","decl":{"start":{"line":132,"column":22},"end":{"line":132,"column":29}},"loc":{"start":{"line":132,"column":57},"end":{"line":136,"column":2}}},"13":{"name":"(anonymous_22)","decl":{"start":{"line":132,"column":57},"end":{"line":132,"column":null}},"loc":{"start":{"line":132,"column":57},"end":{"line":136,"column":1}}}},"branchMap":{"0":{"loc":{"start":{"line":36,"column":2},"end":{"line":37,"column":67}},"type":"if","locations":[{"start":{"line":36,"column":2},"end":{"line":37,"column":67}}]},"1":{"loc":{"start":{"line":47,"column":2},"end":{"line":48,"column":68}},"type":"if","locations":[{"start":{"line":47,"column":2},"end":{"line":48,"column":68}}]},"2":{"loc":{"start":{"line":69,"column":2},"end":{"line":71,"column":null}},"type":"if","locations":[{"start":{"line":69,"column":2},"end":{"line":71,"column":null}}]},"3":{"loc":{"start":{"line":87,"column":2},"end":{"line":88,"column":67}},"type":"if","locations":[{"start":{"line":87,"column":2},"end":{"line":88,"column":67}}]},"4":{"loc":{"start":{"line":101,"column":2},"end":{"line":110,"column":null}},"type":"if","locations":[{"start":{"line":101,"column":2},"end":{"line":110,"column":null}}]},"5":{"loc":{"start":{"line":105,"column":4},"end":{"line":107,"column":null}},"type":"if","locations":[{"start":{"line":105,"column":4},"end":{"line":107,"column":null}}]},"6":{"loc":{"start":{"line":114,"column":17},"end":{"line":114,"column":58}},"type":"cond-expr","locations":[{"start":{"line":114,"column":36},"end":{"line":114,"column":46}},{"start":{"line":114,"column":49},"end":{"line":114,"column":58}}]},"7":{"loc":{"start":{"line":134,"column":2},"end":{"line":134,"column":79}},"type":"if","locations":[{"start":{"line":134,"column":2},"end":{"line":134,"column":79}}]}},"s":{"0":1,"1":1,"2":1,"3":1,"4":1,"5":1,"6":0,"7":1,"8":1,"9":2,"10":2,"11":2,"12":1,"13":2,"14":1,"15":1,"16":1,"17":2,"18":2,"19":2,"20":2,"21":2,"22":1,"23":1,"24":1,"25":1,"26":1,"27":1,"28":3,"29":3,"30":3,"31":3,"32":3,"33":1,"34":2,"35":2,"36":2,"37":2,"38":1,"39":1,"40":1,"41":2,"42":2,"43":2,"44":2,"45":2,"46":2,"47":2,"48":1,"49":1,"50":1,"51":1,"52":1,"53":1,"54":1,"55":1,"56":1,"57":1,"58":2,"59":2,"60":2,"61":1,"62":1,"63":1},"f":{"0":1,"1":1,"2":0,"3":2,"4":2,"5":1,"6":2,"7":2,"8":3,"9":3,"10":2,"11":2,"12":2,"13":2},"b":{"0":[1],"1":[1],"2":[1],"3":[1],"4":[2],"5":[1],"6":[1,0],"7":[1]}}
,"C:\\Users\\Thiago Firsen\\Desktop\\Atividades-Rethink-Academy-main\\project_fake_store\\src\\service\\serviceUsers.ts": {"path":"C:\\Users\\Thiago Firsen\\Desktop\\Atividades-Rethink-Academy-main\\project_fake_store\\src\\service\\serviceUsers.ts","statementMap":{"0":{"start":{"line":1,"column":0},"end":{"line":1,"column":56}},"1":{"start":{"line":2,"column":0},"end":{"line":2,"column":67}},"2":{"start":{"line":3,"column":0},"end":{"line":3,"column":28}},"3":{"start":{"line":4,"column":0},"end":{"line":4,"column":31}},"4":{"start":{"line":6,"column":19},"end":{"line":13,"column":2}},"5":{"start":{"line":6,"column":60},"end":{"line":13,"column":2}},"6":{"start":{"line":7,"column":19},"end":{"line":7,"column":58}},"7":{"start":{"line":8,"column":2},"end":{"line":10,"column":null}},"8":{"start":{"line":9,"column":4},"end":{"line":9,"column":67}},"9":{"start":{"line":11,"column":18},"end":{"line":11,"column":69}},"10":{"start":{"line":12,"column":2},"end":{"line":12,"column":17}},"11":{"start":{"line":15,"column":20},"end":{"line":18,"column":2}},"12":{"start":{"line":15,"column":40},"end":{"line":18,"column":2}},"13":{"start":{"line":16,"column":22},"end":{"line":16,"column":67}},"14":{"start":{"line":17,"column":2},"end":{"line":17,"column":33}},"15":{"start":{"line":20,"column":16},"end":{"line":46,"column":2}},"16":{"start":{"line":20,"column":57},"end":{"line":46,"column":2}},"17":{"start":{"line":21,"column":17},"end":{"line":21,"column":56}},"18":{"start":{"line":22,"column":2},"end":{"line":24,"column":null}},"19":{"start":{"line":23,"column":4},"end":{"line":23,"column":72}},"20":{"start":{"line":26,"column":31},"end":{"line":26,"column":76}},"21":{"start":{"line":27,"column":39},"end":{"line":27,"column":77}},"22":{"start":{"line":29,"column":25},"end":{"line":31,"column":null}},"23":{"start":{"line":33,"column":2},"end":{"line":33,"column":30}},"24":{"start":{"line":34,"column":2},"end":{"line":36,"column":null}},"25":{"start":{"line":35,"column":4},"end":{"line":35,"column":64}},"26":{"start":{"line":38,"column":16},"end":{"line":43,"column":null}},"27":{"start":{"line":45,"column":2},"end":{"line":45,"column":15}},"28":{"start":{"line":48,"column":0},"end":{"line":48,"column":52}}},"fnMap":{"0":{"name":"(anonymous_8)","decl":{"start":{"line":6,"column":19},"end":{"line":6,"column":26}},"loc":{"start":{"line":6,"column":60},"end":{"line":13,"column":2}}},"1":{"name":"(anonymous_9)","decl":{"start":{"line":6,"column":60},"end":{"line":6,"column":null}},"loc":{"start":{"line":6,"column":60},"end":{"line":13,"column":1}}},"2":{"name":"(anonymous_10)","decl":{"start":{"line":15,"column":20},"end":{"line":15,"column":27}},"loc":{"start":{"line":15,"column":40},"end":{"line":18,"column":2}}},"3":{"name":"(anonymous_11)","decl":{"start":{"line":15,"column":40},"end":{"line":15,"column":null}},"loc":{"start":{"line":15,"column":40},"end":{"line":18,"column":1}}},"4":{"name":"(anonymous_12)","decl":{"start":{"line":20,"column":16},"end":{"line":20,"column":23}},"loc":{"start":{"line":20,"column":57},"end":{"line":46,"column":2}}},"5":{"name":"(anonymous_13)","decl":{"start":{"line":20,"column":57},"end":{"line":20,"column":null}},"loc":{"start":{"line":20,"column":57},"end":{"line":46,"column":1}}}},"branchMap":{"0":{"loc":{"start":{"line":8,"column":2},"end":{"line":10,"column":null}},"type":"if","locations":[{"start":{"line":8,"column":2},"end":{"line":10,"column":null}}]},"1":{"loc":{"start":{"line":22,"column":2},"end":{"line":24,"column":null}},"type":"if","locations":[{"start":{"line":22,"column":2},"end":{"line":24,"column":null}}]},"2":{"loc":{"start":{"line":34,"column":2},"end":{"line":36,"column":null}},"type":"if","locations":[{"start":{"line":34,"column":2},"end":{"line":36,"column":null}}]}},"s":{"0":1,"1":1,"2":1,"3":1,"4":1,"5":2,"6":2,"7":2,"8":1,"9":1,"10":1,"11":1,"12":1,"13":1,"14":1,"15":1,"16":3,"17":3,"18":3,"19":1,"20":2,"21":2,"22":2,"23":2,"24":2,"25":1,"26":1,"27":1,"28":1},"f":{"0":2,"1":2,"2":1,"3":1,"4":3,"5":3},"b":{"0":[1],"1":[1],"2":[1]}}
,"C:\\Users\\Thiago Firsen\\Desktop\\Atividades-Rethink-Academy-main\\project_fake_store\\tests\\mocksProducts.ts": {"path":"C:\\Users\\Thiago Firsen\\Desktop\\Atividades-Rethink-Academy-main\\project_fake_store\\tests\\mocksProducts.ts","statementMap":{"0":{"start":{"line":1,"column":13},"end":{"line":12,"column":2}},"1":{"start":{"line":14,"column":13},"end":{"line":25,"column":2}}},"fnMap":{},"branchMap":{},"s":{"0":2,"1":2},"f":{},"b":{}}
}
