TN:
SF:knexfile.ts
FNF:0
FNH:0
DA:3,3
DA:14,3
LF:2
LH:2
BRF:0
BRH:0
end_of_record
TN:
SF:src\Middlewares\errorHandler.ts
FN:4,(anonymous_0)
FN:18,(anonymous_1)
FNF:2
FNH:1
FNDA:0,(anonymous_0)
FNDA:13,(anonymous_1)
DA:4,3
DA:10,0
DA:11,0
DA:15,0
DA:18,3
DA:19,13
LF:6
LH:3
BRDA:10,0,0,0
BRDA:10,0,1,0
BRDA:12,1,0,0
BRDA:12,1,1,0
BRF:4
BRH:0
end_of_record
TN:
SF:src\repositories\repositoriesCategories.ts
FN:8,(anonymous_1)
FN:11,(anonymous_2)
FN:14,(anonymous_3)
FN:19,(anonymous_4)
FN:22,(anonymous_5)
FN:25,(anonymous_6)
FN:28,(anonymous_7)
FNF:7
FNH:0
FNDA:0,(anonymous_1)
FNDA:0,(anonymous_2)
FNDA:0,(anonymous_3)
FNDA:0,(anonymous_4)
FNDA:0,(anonymous_5)
FNDA:0,(anonymous_6)
FNDA:0,(anonymous_7)
DA:1,1
DA:2,1
DA:6,1
DA:8,1
DA:9,0
DA:11,1
DA:12,0
DA:14,1
DA:15,0
DA:19,1
DA:20,0
DA:22,1
DA:23,0
DA:25,1
DA:26,0
DA:28,1
DA:31,0
DA:46,1
LF:18
LH:11
BRF:0
BRH:0
end_of_record
TN:
SF:src\repositories\repositoriesProducts.ts
FN:8,(anonymous_1)
FN:22,(anonymous_2)
FN:37,(anonymous_3)
FN:40,(anonymous_4)
FN:43,(anonymous_5)
FN:46,(anonymous_6)
FNF:6
FNH:0
FNDA:0,(anonymous_1)
FNDA:0,(anonymous_2)
FNDA:0,(anonymous_3)
FNDA:0,(anonymous_4)
FNDA:0,(anonymous_5)
FNDA:0,(anonymous_6)
DA:1,1
DA:2,1
DA:6,1
DA:8,1
DA:9,0
DA:22,1
DA:23,0
DA:37,1
DA:38,0
DA:40,1
DA:41,0
DA:43,1
DA:44,0
DA:46,1
DA:47,0
DA:49,1
LF:16
LH:10
BRF:0
BRH:0
end_of_record
TN:
SF:src\repositories\repositoriesUsers.ts
FN:6,(anonymous_1)
FN:12,(anonymous_2)
FN:15,(anonymous_3)
FN:18,(anonymous_4)
FNF:4
FNH:0
FNDA:0,(anonymous_1)
FNDA:0,(anonymous_2)
FNDA:0,(anonymous_3)
FNDA:0,(anonymous_4)
DA:1,1
DA:2,1
DA:4,1
DA:6,1
DA:7,0
DA:12,1
DA:13,0
DA:15,1
DA:16,0
DA:18,1
DA:20,1
LF:11
LH:8
BRF:0
BRH:0
end_of_record
TN:
SF:src\service\serviceCategories.ts
FN:5,(anonymous_8)
FN:5,(anonymous_9)
FN:7,(anonymous_10)
FN:11,(anonymous_11)
FN:11,(anonymous_12)
FN:18,(anonymous_13)
FN:18,(anonymous_14)
FN:25,(anonymous_15)
FN:25,(anonymous_16)
FN:32,(anonymous_17)
FN:32,(anonymous_18)
FN:39,(anonymous_19)
FN:39,(anonymous_20)
FN:47,(anonymous_21)
FNF:14
FNH:13
FNDA:1,(anonymous_8)
FNDA:1,(anonymous_9)
FNDA:0,(anonymous_10)
FNDA:2,(anonymous_11)
FNDA:2,(anonymous_12)
FNDA:1,(anonymous_13)
FNDA:1,(anonymous_14)
FNDA:2,(anonymous_15)
FNDA:2,(anonymous_16)
FNDA:2,(anonymous_17)
FNDA:2,(anonymous_18)
FNDA:2,(anonymous_19)
FNDA:2,(anonymous_20)
FNDA:1,(anonymous_21)
DA:1,1
DA:3,1
DA:5,1
DA:6,1
DA:7,1
DA:8,1
DA:11,2
DA:12,2
DA:13,2
DA:14,1
DA:15,1
DA:18,1
DA:19,1
DA:22,1
DA:25,2
DA:26,2
DA:27,2
DA:28,1
DA:29,1
DA:32,2
DA:33,2
DA:34,2
DA:35,1
DA:36,1
DA:39,2
DA:40,2
DA:43,2
DA:44,1
DA:46,1
DA:47,1
DA:59,1
DA:62,1
LF:32
LH:32
BRDA:13,0,0,1
BRDA:27,1,0,1
BRDA:34,2,0,1
BRDA:43,3,0,1
BRF:4
BRH:4
end_of_record
TN:
SF:src\service\serviceProducts.ts
FN:5,(anonymous_9)
FN:5,(anonymous_10)
FN:7,(anonymous_11)
FN:22,(anonymous_12)
FN:22,(anonymous_13)
FN:24,(anonymous_14)
FN:41,(anonymous_15)
FN:41,(anonymous_16)
FN:64,(anonymous_17)
FN:64,(anonymous_18)
FN:92,(anonymous_19)
FN:95,(anonymous_20)
FN:132,(anonymous_21)
FN:132,(anonymous_22)
FNF:14
FNH:13
FNDA:1,(anonymous_9)
FNDA:1,(anonymous_10)
FNDA:0,(anonymous_11)
FNDA:2,(anonymous_12)
FNDA:2,(anonymous_13)
FNDA:1,(anonymous_14)
FNDA:2,(anonymous_15)
FNDA:2,(anonymous_16)
FNDA:3,(anonymous_17)
FNDA:3,(anonymous_18)
FNDA:2,(anonymous_19)
FNDA:2,(anonymous_20)
FNDA:2,(anonymous_21)
FNDA:2,(anonymous_22)
DA:1,1
DA:2,1
DA:5,1
DA:6,1
DA:7,1
DA:19,1
DA:22,2
DA:23,2
DA:24,2
DA:36,2
DA:37,1
DA:38,1
DA:41,2
DA:42,2
DA:44,2
DA:47,2
DA:48,1
DA:50,1
DA:56,1
DA:59,1
DA:61,1
DA:64,3
DA:65,3
DA:66,3
DA:69,3
DA:70,1
DA:73,2
DA:75,2
DA:82,2
DA:87,2
DA:88,1
DA:89,1
DA:92,1
DA:95,2
DA:96,2
DA:97,2
DA:98,2
DA:101,2
DA:102,2
DA:105,2
DA:106,1
DA:109,1
DA:112,1
DA:117,1
DA:119,1
DA:121,1
DA:129,1
DA:132,2
DA:133,2
DA:134,2
DA:135,1
DA:138,1
LF:52
LH:52
BRDA:36,0,0,1
BRDA:47,1,0,1
BRDA:69,2,0,1
BRDA:87,3,0,1
BRDA:101,4,0,2
BRDA:105,5,0,1
BRDA:114,6,0,1
BRDA:114,6,1,0
BRDA:134,7,0,1
BRF:9
BRH:8
end_of_record
TN:
SF:src\service\serviceUsers.ts
FN:6,(anonymous_8)
FN:6,(anonymous_9)
FN:15,(anonymous_10)
FN:15,(anonymous_11)
FN:20,(anonymous_12)
FN:20,(anonymous_13)
FNF:6
FNH:6
FNDA:2,(anonymous_8)
FNDA:2,(anonymous_9)
FNDA:1,(anonymous_10)
FNDA:1,(anonymous_11)
FNDA:3,(anonymous_12)
FNDA:3,(anonymous_13)
DA:1,1
DA:2,1
DA:3,1
DA:4,1
DA:6,2
DA:7,2
DA:8,2
DA:9,1
DA:11,1
DA:12,1
DA:15,1
DA:16,1
DA:17,1
DA:20,3
DA:21,3
DA:22,3
DA:23,1
DA:26,2
DA:27,2
DA:29,2
DA:33,2
DA:34,2
DA:35,1
DA:38,1
DA:45,1
DA:48,1
LF:26
LH:26
BRDA:8,0,0,1
BRDA:22,1,0,1
BRDA:34,2,0,1
BRF:3
BRH:3
end_of_record
TN:
SF:tests\mocksProducts.ts
FNF:0
FNH:0
DA:1,2
DA:14,2
LF:2
LH:2
BRF:0
BRH:0
end_of_record
