{"C:\\Users\\Thiago Firsen\\Desktop\\Atividades-Rethink-Academy-main\\desafio_com_API\\index.js": {"path":"C:\\Users\\Thiago Firsen\\Desktop\\Atividades-Rethink-Academy-main\\desafio_com_API\\index.js","statementMap":{"0":{"start":{"line":2,"column":20},"end":{"line":7,"column":1}},"1":{"start":{"line":3,"column":14},"end":{"line":3,"column":49}},"2":{"start":{"line":4,"column":17},"end":{"line":4,"column":33}},"3":{"start":{"line":5,"column":21},"end":{"line":5,"column":40}},"4":{"start":{"line":6,"column":2},"end":{"line":6,"column":20}},"5":{"start":{"line":10,"column":23},"end":{"line":18,"column":1}},"6":{"start":{"line":11,"column":2},"end":{"line":17,"column":3}},"7":{"start":{"line":11,"column":11},"end":{"line":11,"column":46}},"8":{"start":{"line":13,"column":16},"end":{"line":13,"column":57}},"9":{"start":{"line":14,"column":19},"end":{"line":14,"column":35}},"10":{"start":{"line":15,"column":23},"end":{"line":15,"column":42}},"11":{"start":{"line":16,"column":4},"end":{"line":16,"column":22}},"12":{"start":{"line":22,"column":32},"end":{"line":27,"column":1}},"13":{"start":{"line":23,"column":14},"end":{"line":23,"column":60}},"14":{"start":{"line":24,"column":17},"end":{"line":24,"column":33}},"15":{"start":{"line":25,"column":21},"end":{"line":25,"column":40}},"16":{"start":{"line":26,"column":2},"end":{"line":26,"column":20}},"17":{"start":{"line":31,"column":29},"end":{"line":39,"column":1}},"18":{"start":{"line":32,"column":2},"end":{"line":38,"column":3}},"19":{"start":{"line":32,"column":17},"end":{"line":32,"column":58}},"20":{"start":{"line":34,"column":16},"end":{"line":34,"column":72}},"21":{"start":{"line":35,"column":19},"end":{"line":35,"column":35}},"22":{"start":{"line":36,"column":23},"end":{"line":36,"column":42}},"23":{"start":{"line":37,"column":4},"end":{"line":37,"column":22}},"24":{"start":{"line":43,"column":25},"end":{"line":54,"column":1}},"25":{"start":{"line":44,"column":2},"end":{"line":53,"column":3}},"26":{"start":{"line":44,"column":20},"end":{"line":44,"column":66}},"27":{"start":{"line":46,"column":16},"end":{"line":46,"column":51}},"28":{"start":{"line":47,"column":19},"end":{"line":47,"column":35}},"29":{"start":{"line":48,"column":23},"end":{"line":48,"column":42}},"30":{"start":{"line":49,"column":46},"end":{"line":51,"column":5}},"31":{"start":{"line":50,"column":19},"end":{"line":50,"column":52}},"32":{"start":{"line":52,"column":4},"end":{"line":52,"column":45}},"33":{"start":{"line":58,"column":42},"end":{"line":67,"column":1}},"34":{"start":{"line":59,"column":14},"end":{"line":59,"column":49}},"35":{"start":{"line":60,"column":17},"end":{"line":60,"column":33}},"36":{"start":{"line":61,"column":21},"end":{"line":61,"column":40}},"37":{"start":{"line":62,"column":34},"end":{"line":65,"column":4}},"38":{"start":{"line":63,"column":4},"end":{"line":63,"column":58}},"39":{"start":{"line":64,"column":4},"end":{"line":64,"column":15}},"40":{"start":{"line":66,"column":2},"end":{"line":66,"column":33}},"41":{"start":{"line":71,"column":56},"end":{"line":84,"column":1}},"42":{"start":{"line":72,"column":14},"end":{"line":72,"column":49}},"43":{"start":{"line":73,"column":17},"end":{"line":73,"column":33}},"44":{"start":{"line":74,"column":21},"end":{"line":74,"column":40}},"45":{"start":{"line":75,"column":27},"end":{"line":78,"column":7}},"46":{"start":{"line":76,"column":4},"end":{"line":76,"column":21}},"47":{"start":{"line":77,"column":4},"end":{"line":77,"column":15}},"48":{"start":{"line":81,"column":4},"end":{"line":81,"column":48}},"49":{"start":{"line":83,"column":2},"end":{"line":83,"column":38}},"50":{"start":{"line":88,"column":36},"end":{"line":96,"column":1}},"51":{"start":{"line":89,"column":14},"end":{"line":89,"column":49}},"52":{"start":{"line":90,"column":17},"end":{"line":90,"column":33}},"53":{"start":{"line":91,"column":21},"end":{"line":91,"column":40}},"54":{"start":{"line":92,"column":25},"end":{"line":94,"column":4}},"55":{"start":{"line":93,"column":4},"end":{"line":93,"column":45}},"56":{"start":{"line":95,"column":2},"end":{"line":95,"column":24}},"57":{"start":{"line":100,"column":34},"end":{"line":108,"column":1}},"58":{"start":{"line":101,"column":14},"end":{"line":101,"column":49}},"59":{"start":{"line":102,"column":17},"end":{"line":102,"column":33}},"60":{"start":{"line":103,"column":21},"end":{"line":103,"column":40}},"61":{"start":{"line":104,"column":25},"end":{"line":106,"column":4}},"62":{"start":{"line":105,"column":4},"end":{"line":105,"column":45}},"63":{"start":{"line":107,"column":2},"end":{"line":107,"column":24}}},"fnMap":{"0":{"name":"(anonymous_0)","decl":{"start":{"line":2,"column":20},"end":{"line":2,"column":21}},"loc":{"start":{"line":2,"column":32},"end":{"line":7,"column":1}},"line":2},"1":{"name":"(anonymous_1)","decl":{"start":{"line":10,"column":23},"end":{"line":10,"column":24}},"loc":{"start":{"line":10,"column":37},"end":{"line":18,"column":1}},"line":10},"2":{"name":"(anonymous_2)","decl":{"start":{"line":22,"column":32},"end":{"line":22,"column":33}},"loc":{"start":{"line":22,"column":44},"end":{"line":27,"column":1}},"line":22},"3":{"name":"(anonymous_3)","decl":{"start":{"line":31,"column":29},"end":{"line":31,"column":30}},"loc":{"start":{"line":31,"column":49},"end":{"line":39,"column":1}},"line":31},"4":{"name":"(anonymous_4)","decl":{"start":{"line":43,"column":25},"end":{"line":43,"column":26}},"loc":{"start":{"line":43,"column":48},"end":{"line":54,"column":1}},"line":43},"5":{"name":"(anonymous_5)","decl":{"start":{"line":50,"column":6},"end":{"line":50,"column":7}},"loc":{"start":{"line":50,"column":19},"end":{"line":50,"column":52}},"line":50},"6":{"name":"(anonymous_6)","decl":{"start":{"line":58,"column":42},"end":{"line":58,"column":43}},"loc":{"start":{"line":58,"column":54},"end":{"line":67,"column":1}},"line":58},"7":{"name":"(anonymous_7)","decl":{"start":{"line":62,"column":58},"end":{"line":62,"column":59}},"loc":{"start":{"line":62,"column":72},"end":{"line":65,"column":3}},"line":62},"8":{"name":"(anonymous_8)","decl":{"start":{"line":71,"column":56},"end":{"line":71,"column":57}},"loc":{"start":{"line":71,"column":68},"end":{"line":84,"column":1}},"line":71},"9":{"name":"(anonymous_9)","decl":{"start":{"line":75,"column":51},"end":{"line":75,"column":52}},"loc":{"start":{"line":75,"column":65},"end":{"line":78,"column":3}},"line":75},"10":{"name":"(anonymous_10)","decl":{"start":{"line":88,"column":36},"end":{"line":88,"column":37}},"loc":{"start":{"line":88,"column":48},"end":{"line":96,"column":1}},"line":88},"11":{"name":"(anonymous_11)","decl":{"start":{"line":92,"column":49},"end":{"line":92,"column":50}},"loc":{"start":{"line":92,"column":63},"end":{"line":94,"column":3}},"line":92},"12":{"name":"(anonymous_12)","decl":{"start":{"line":100,"column":34},"end":{"line":100,"column":35}},"loc":{"start":{"line":100,"column":46},"end":{"line":108,"column":1}},"line":100},"13":{"name":"(anonymous_13)","decl":{"start":{"line":104,"column":49},"end":{"line":104,"column":50}},"loc":{"start":{"line":104,"column":63},"end":{"line":106,"column":3}},"line":104}},"branchMap":{"0":{"loc":{"start":{"line":11,"column":2},"end":{"line":17,"column":3}},"type":"if","locations":[{"start":{"line":11,"column":2},"end":{"line":17,"column":3}},{"start":{"line":12,"column":7},"end":{"line":17,"column":3}}],"line":11},"1":{"loc":{"start":{"line":32,"column":2},"end":{"line":38,"column":3}},"type":"if","locations":[{"start":{"line":32,"column":2},"end":{"line":38,"column":3}},{"start":{"line":33,"column":7},"end":{"line":38,"column":3}}],"line":32},"2":{"loc":{"start":{"line":44,"column":2},"end":{"line":53,"column":3}},"type":"if","locations":[{"start":{"line":44,"column":2},"end":{"line":53,"column":3}},{"start":{"line":45,"column":7},"end":{"line":53,"column":3}}],"line":44},"3":{"loc":{"start":{"line":63,"column":10},"end":{"line":63,"column":57}},"type":"cond-expr","locations":[{"start":{"line":63,"column":48},"end":{"line":63,"column":51}},{"start":{"line":63,"column":54},"end":{"line":63,"column":57}}],"line":63},"4":{"loc":{"start":{"line":93,"column":11},"end":{"line":93,"column":44}},"type":"cond-expr","locations":[{"start":{"line":93,"column":35},"end":{"line":93,"column":38}},{"start":{"line":93,"column":41},"end":{"line":93,"column":44}}],"line":93},"5":{"loc":{"start":{"line":105,"column":11},"end":{"line":105,"column":44}},"type":"cond-expr","locations":[{"start":{"line":105,"column":35},"end":{"line":105,"column":38}},{"start":{"line":105,"column":41},"end":{"line":105,"column":44}}],"line":105}},"s":{"0":1,"1":1,"2":1,"3":1,"4":1,"5":1,"6":7,"7":6,"8":1,"9":1,"10":1,"11":1,"12":1,"13":4,"14":4,"15":4,"16":4,"17":1,"18":7,"19":6,"20":1,"21":1,"22":1,"23":1,"24":1,"25":7,"26":6,"27":1,"28":1,"29":1,"30":1,"31":20,"32":1,"33":1,"34":1,"35":1,"36":1,"37":1,"38":19,"39":19,"40":1,"41":1,"42":1,"43":1,"44":1,"45":1,"46":20,"47":20,"48":1,"49":1,"50":1,"51":1,"52":1,"53":1,"54":1,"55":19,"56":1,"57":1,"58":1,"59":1,"60":1,"61":1,"62":19,"63":1},"f":{"0":1,"1":7,"2":4,"3":7,"4":7,"5":20,"6":1,"7":19,"8":1,"9":20,"10":1,"11":19,"12":1,"13":19},"b":{"0":[6,1],"1":[6,1],"2":[6,1],"3":[3,16],"4":[2,17],"5":[5,14]},"_coverageSchema":"1a1c01bbd47fc00a2c39e90264f33305004495a9","hash":"2bb90c1a79681bd2f15e255433076725b9bf2042"}
}
