TN:
SF:index.js
FN:2,(anonymous_0)
FN:10,(anonymous_1)
FN:22,(anonymous_2)
FN:31,(anonymous_3)
FN:43,(anonymous_4)
FN:50,(anonymous_5)
FN:58,(anonymous_6)
FN:62,(anonymous_7)
FN:71,(anonymous_8)
FN:75,(anonymous_9)
FN:88,(anonymous_10)
FN:92,(anonymous_11)
FN:100,(anonymous_12)
FN:104,(anonymous_13)
FNF:14
FNH:14
FNDA:1,(anonymous_0)
FNDA:7,(anonymous_1)
FNDA:4,(anonymous_2)
FNDA:7,(anonymous_3)
FNDA:7,(anonymous_4)
FNDA:20,(anonymous_5)
FNDA:1,(anonymous_6)
FNDA:19,(anonymous_7)
FNDA:1,(anonymous_8)
FNDA:20,(anonymous_9)
FNDA:1,(anonymous_10)
FNDA:19,(anonymous_11)
FNDA:1,(anonymous_12)
FNDA:19,(anonymous_13)
DA:2,1
DA:3,1
DA:4,1
DA:5,1
DA:6,1
DA:10,1
DA:11,7
DA:13,1
DA:14,1
DA:15,1
DA:16,1
DA:22,1
DA:23,4
DA:24,4
DA:25,4
DA:26,4
DA:31,1
DA:32,7
DA:34,1
DA:35,1
DA:36,1
DA:37,1
DA:43,1
DA:44,7
DA:46,1
DA:47,1
DA:48,1
DA:49,1
DA:50,20
DA:52,1
DA:58,1
DA:59,1
DA:60,1
DA:61,1
DA:62,1
DA:63,19
DA:64,19
DA:66,1
DA:71,1
DA:72,1
DA:73,1
DA:74,1
DA:75,1
DA:76,20
DA:77,20
DA:81,1
DA:83,1
DA:88,1
DA:89,1
DA:90,1
DA:91,1
DA:92,1
DA:93,19
DA:95,1
DA:100,1
DA:101,1
DA:102,1
DA:103,1
DA:104,1
DA:105,19
DA:107,1
LF:61
LH:61
BRDA:11,0,0,6
BRDA:11,0,1,1
BRDA:32,1,0,6
BRDA:32,1,1,1
BRDA:44,2,0,6
BRDA:44,2,1,1
BRDA:63,3,0,3
BRDA:63,3,1,16
BRDA:93,4,0,2
BRDA:93,4,1,17
BRDA:105,5,0,5
BRDA:105,5,1,14
BRF:12
BRH:12
end_of_record
