TN:
SF:index.js
FN:3,(anonymous_0)
FN:14,(anonymous_1)
FN:27,(anonymous_2)
FN:39,(anonymous_3)
FN:52,(anonymous_4)
FN:58,(anonymous_5)
FN:68,(anonymous_6)
FN:72,(anonymous_7)
FN:84,(anonymous_8)
FN:88,(anonymous_9)
FN:104,(anonymous_10)
FN:108,(anonymous_11)
FN:119,(anonymous_12)
FN:123,(anonymous_13)
FNF:14
FNH:14
FNDA:2,(anonymous_0)
FNDA:8,(anonymous_1)
FNDA:5,(anonymous_2)
FNDA:8,(anonymous_3)
FNDA:8,(anonymous_4)
FNDA:20,(anonymous_5)
FNDA:2,(anonymous_6)
FNDA:19,(anonymous_7)
FNDA:2,(anonymous_8)
FNDA:20,(anonymous_9)
FNDA:2,(anonymous_10)
FNDA:19,(anonymous_11)
FNDA:2,(anonymous_12)
FNDA:19,(anonymous_13)
DA:3,1
DA:4,2
DA:5,2
DA:6,2
DA:7,1
DA:9,1
DA:14,1
DA:15,8
DA:16,2
DA:17,2
DA:18,2
DA:19,1
DA:21,1
DA:27,1
DA:28,5
DA:29,5
DA:30,5
DA:31,4
DA:33,1
DA:39,1
DA:40,8
DA:41,2
DA:42,2
DA:43,2
DA:44,1
DA:46,1
DA:52,1
DA:53,8
DA:54,2
DA:55,2
DA:56,2
DA:57,1
DA:58,20
DA:60,1
DA:62,1
DA:68,1
DA:69,2
DA:70,2
DA:71,2
DA:72,1
DA:73,19
DA:74,19
DA:76,1
DA:78,1
DA:84,1
DA:85,2
DA:86,2
DA:87,2
DA:88,1
DA:89,20
DA:90,20
DA:94,1
DA:96,1
DA:98,1
DA:104,1
DA:105,2
DA:106,2
DA:107,2
DA:108,1
DA:109,19
DA:111,1
DA:113,1
DA:119,1
DA:120,2
DA:121,2
DA:122,2
DA:123,1
DA:124,19
DA:126,1
DA:128,1
LF:70
LH:70
BRDA:15,0,0,6
BRDA:15,0,1,2
BRDA:40,1,0,6
BRDA:40,1,1,2
BRDA:53,2,0,6
BRDA:53,2,1,2
BRDA:73,3,0,3
BRDA:73,3,1,16
BRDA:109,4,0,2
BRDA:109,4,1,17
BRDA:124,5,0,5
BRDA:124,5,1,14
BRF:12
BRH:12
end_of_record
