<?xml version="1.0" encoding="UTF-8"?>
<coverage generated="1679595039503" clover="3.2.0">
  <project timestamp="1679595039503" name="All files">
    <metrics statements="13" coveredstatements="12" conditionals="18" coveredconditionals="16" methods="1" coveredmethods="1" elements="32" coveredelements="29" complexity="0" loc="13" ncloc="13" packages="1" files="1" classes="1"/>
    <file name="functions.js" path="C:\Users\Thiago Firsen\Desktop\Atividades-Rethink-Academy-main\jestTypescript\functions.js">
      <metrics statements="13" coveredstatements="12" conditionals="18" coveredconditionals="16" methods="1" coveredmethods="1"/>
      <line num="8" count="12" type="cond" truecount="4" falsecount="0"/>
      <line num="9" count="6" type="stmt"/>
      <line num="12" count="6" type="cond" truecount="1" falsecount="1"/>
      <line num="17" count="0" type="stmt"/>
      <line num="20" count="6" type="cond" truecount="5" falsecount="0"/>
      <line num="21" count="1" type="stmt"/>
      <line num="26" count="5" type="stmt"/>
      <line num="27" count="5" type="stmt"/>
      <line num="28" count="5" type="stmt"/>
      <line num="29" count="5" type="stmt"/>
      <line num="31" count="5" type="stmt"/>
      <line num="42" count="1" type="stmt"/>
      <line num="44" count="1" type="stmt"/>
    </file>
  </project>
</coverage>
