{"C:\\Users\\Thiago Firsen\\Desktop\\Atividades-Rethink-Academy-main\\jestTypescript\\functions.js": {"path":"C:\\Users\\Thiago Firsen\\Desktop\\Atividades-Rethink-Academy-main\\jestTypescript\\functions.js","statementMap":{"0":{"start":{"line":8,"column":2},"end":{"line":10,"column":3}},"1":{"start":{"line":9,"column":4},"end":{"line":9,"column":68}},"2":{"start":{"line":12,"column":2},"end":{"line":18,"column":3}},"3":{"start":{"line":17,"column":4},"end":{"line":17,"column":80}},"4":{"start":{"line":20,"column":2},"end":{"line":24,"column":3}},"5":{"start":{"line":21,"column":4},"end":{"line":23,"column":6}},"6":{"start":{"line":26,"column":30},"end":{"line":26,"column":31}},"7":{"start":{"line":27,"column":21},"end":{"line":27,"column":46}},"8":{"start":{"line":28,"column":23},"end":{"line":28,"column":67}},"9":{"start":{"line":29,"column":20},"end":{"line":29,"column":45}},"10":{"start":{"line":31,"column":2},"end":{"line":39,"column":4}},"11":{"start":{"line":42,"column":0},"end":{"line":42,"column":51}},"12":{"start":{"line":44,"column":0},"end":{"line":46,"column":2}}},"fnMap":{"0":{"name":"calculateWageJS","decl":{"start":{"line":1,"column":9},"end":{"line":1,"column":24}},"loc":{"start":{"line":7,"column":2},"end":{"line":40,"column":1}},"line":7}},"branchMap":{"0":{"loc":{"start":{"line":5,"column":2},"end":{"line":5,"column":14}},"type":"default-arg","locations":[{"start":{"line":5,"column":13},"end":{"line":5,"column":14}}],"line":5},"1":{"loc":{"start":{"line":6,"column":2},"end":{"line":6,"column":12}},"type":"default-arg","locations":[{"start":{"line":6,"column":8},"end":{"line":6,"column":12}}],"line":6},"2":{"loc":{"start":{"line":8,"column":2},"end":{"line":10,"column":3}},"type":"if","locations":[{"start":{"line":8,"column":2},"end":{"line":10,"column":3}},{"start":{},"end":{}}],"line":8},"3":{"loc":{"start":{"line":8,"column":6},"end":{"line":8,"column":51}},"type":"binary-expr","locations":[{"start":{"line":8,"column":6},"end":{"line":8,"column":17}},{"start":{"line":8,"column":21},"end":{"line":8,"column":51}}],"line":8},"4":{"loc":{"start":{"line":12,"column":2},"end":{"line":18,"column":3}},"type":"if","locations":[{"start":{"line":12,"column":2},"end":{"line":18,"column":3}},{"start":{},"end":{}}],"line":12},"5":{"loc":{"start":{"line":13,"column":4},"end":{"line":15,"column":32}},"type":"binary-expr","locations":[{"start":{"line":13,"column":4},"end":{"line":13,"column":35}},{"start":{"line":14,"column":4},"end":{"line":14,"column":35}},{"start":{"line":15,"column":4},"end":{"line":15,"column":32}}],"line":13},"6":{"loc":{"start":{"line":20,"column":2},"end":{"line":24,"column":3}},"type":"if","locations":[{"start":{"line":20,"column":2},"end":{"line":24,"column":3}},{"start":{},"end":{}}],"line":20},"7":{"loc":{"start":{"line":20,"column":6},"end":{"line":20,"column":56}},"type":"binary-expr","locations":[{"start":{"line":20,"column":6},"end":{"line":20,"column":21}},{"start":{"line":20,"column":25},"end":{"line":20,"column":40}},{"start":{"line":20,"column":44},"end":{"line":20,"column":56}}],"line":20},"8":{"loc":{"start":{"line":33,"column":9},"end":{"line":33,"column":27}},"type":"cond-expr","locations":[{"start":{"line":33,"column":15},"end":{"line":33,"column":20}},{"start":{"line":33,"column":23},"end":{"line":33,"column":27}}],"line":33}},"s":{"0":12,"1":6,"2":6,"3":0,"4":6,"5":1,"6":5,"7":5,"8":5,"9":5,"10":5,"11":1,"12":1},"f":{"0":12},"b":{"0":[1],"1":[12],"2":[6,6],"3":[12,6],"4":[0,6],"5":[6,6,6],"6":[1,5],"7":[6,5,5],"8":[5,0]},"_coverageSchema":"1a1c01bbd47fc00a2c39e90264f33305004495a9","hash":"a315163a73e151b0641485f709a081c30c948536"}
}
